This is pdfTeX, Version 3.14159265-2.6-1.40.20 (TeX Live 2019/Debian) (preloaded format=pdflatex 2022.9.5)  23 DEC 2022 16:25
entering extended mode
 restricted \write18 enabled.
 %&-line parsing enabled.
**report.tex
(./report.tex
LaTeX2e <2020-02-02> patch level 2
L3 programming layer <2020-02-14> (./mas_report.cls
Document Class: mas_report 2018/01/25 The MAS report class
(/usr/share/texlive/texmf-dist/tex/latex/xcolor/xcolor.sty
Package: xcolor 2016/05/11 v2.12 LaTeX color extensions (UK)

(/usr/share/texlive/texmf-dist/tex/latex/graphics-cfg/color.cfg
File: color.cfg 2016/01/02 v1.6 sample color configuration
)
Package xcolor Info: Driver file: pdftex.def on input line 225.

(/usr/share/texlive/texmf-dist/tex/latex/graphics-def/pdftex.def
File: pdftex.def 2018/01/08 v1.0l Graphics/color driver for pdftex
)
(/usr/share/texlive/texmf-dist/tex/latex/colortbl/colortbl.sty
Package: colortbl 2020/01/04 v1.0e Color table columns (DPC)

(/usr/share/texlive/texmf-dist/tex/latex/tools/array.sty
Package: array 2019/08/31 v2.4l Tabular extension package (FMi)
\col@sep=\dimen134
\ar@mcellbox=\box45
\extrarowheight=\dimen135
\NC@list=\toks14
\extratabsurround=\skip47
\backup@length=\skip48
\ar@cellbox=\box46
)
\everycr=\toks15
\minrowclearance=\skip49
)
\rownum=\count167
Package xcolor Info: Model `cmy' substituted by `cmy0' on input line 1348.
Package xcolor Info: Model `hsb' substituted by `rgb' on input line 1352.
Package xcolor Info: Model `RGB' extended on input line 1364.
Package xcolor Info: Model `HTML' substituted by `rgb' on input line 1366.
Package xcolor Info: Model `Hsb' substituted by `hsb' on input line 1367.
Package xcolor Info: Model `tHsb' substituted by `hsb' on input line 1368.
Package xcolor Info: Model `HSB' substituted by `hsb' on input line 1369.
Package xcolor Info: Model `Gray' substituted by `gray' on input line 1370.
Package xcolor Info: Model `wave' substituted by `hsb' on input line 1371.
)
(/usr/share/texlive/texmf-dist/tex/latex/base/ifthen.sty
Package: ifthen 2014/09/29 v1.1c Standard LaTeX ifthen package (DPC)
)
(/usr/share/texlive/texmf-dist/tex/latex/base/book.cls
Document Class: book 2019/12/20 v1.4l Standard LaTeX document class
(/usr/share/texlive/texmf-dist/tex/latex/base/bk10.clo
File: bk10.clo 2019/12/20 v1.4l Standard LaTeX file (size option)
)
\c@part=\count168
\c@chapter=\count169
\c@section=\count170
\c@subsection=\count171
\c@subsubsection=\count172
\c@paragraph=\count173
\c@subparagraph=\count174
\c@figure=\count175
\c@table=\count176
\abovecaptionskip=\skip50
\belowcaptionskip=\skip51
\bibindent=\dimen136
)
(/usr/share/texlive/texmf-dist/tex/latex/cite/cite.sty
LaTeX Info: Redefining \cite on input line 302.
LaTeX Info: Redefining \nocite on input line 332.
Package: cite 2015/02/27  v 5.5
)
(/usr/share/texlive/texmf-dist/tex/latex/graphics/graphicx.sty
Package: graphicx 2019/11/30 v1.2a Enhanced LaTeX Graphics (DPC,SPQR)

(/usr/share/texlive/texmf-dist/tex/latex/graphics/keyval.sty
Package: keyval 2014/10/28 v1.15 key=value parser (DPC)
\KV@toks@=\toks16
)
(/usr/share/texlive/texmf-dist/tex/latex/graphics/graphics.sty
Package: graphics 2019/11/30 v1.4a Standard LaTeX Graphics (DPC,SPQR)

(/usr/share/texlive/texmf-dist/tex/latex/graphics/trig.sty
Package: trig 2016/01/03 v1.10 sin cos tan (DPC)
)
(/usr/share/texlive/texmf-dist/tex/latex/graphics-cfg/graphics.cfg
File: graphics.cfg 2016/06/04 v1.11 sample graphics configuration
)
Package graphics Info: Driver file: pdftex.def on input line 105.
)
\Gin@req@height=\dimen137
\Gin@req@width=\dimen138
)
(/usr/share/texlive/texmf-dist/tex/latex/amsmath/amsmath.sty
Package: amsmath 2020/01/20 v2.17e AMS math features
\@mathmargin=\skip52

For additional information on amsmath, use the `?' option.
(/usr/share/texlive/texmf-dist/tex/latex/amsmath/amstext.sty
Package: amstext 2000/06/29 v2.01 AMS text

(/usr/share/texlive/texmf-dist/tex/latex/amsmath/amsgen.sty
File: amsgen.sty 1999/11/30 v2.0 generic functions
\@emptytoks=\toks17
\ex@=\dimen139
))
(/usr/share/texlive/texmf-dist/tex/latex/amsmath/amsbsy.sty
Package: amsbsy 1999/11/29 v1.2d Bold Symbols
\pmbraise@=\dimen140
)
(/usr/share/texlive/texmf-dist/tex/latex/amsmath/amsopn.sty
Package: amsopn 2016/03/08 v2.02 operator names
)
\inf@bad=\count177
LaTeX Info: Redefining \frac on input line 227.
\uproot@=\count178
\leftroot@=\count179
LaTeX Info: Redefining \overline on input line 389.
\classnum@=\count180
\DOTSCASE@=\count181
LaTeX Info: Redefining \ldots on input line 486.
LaTeX Info: Redefining \dots on input line 489.
LaTeX Info: Redefining \cdots on input line 610.
\Mathstrutbox@=\box47
\strutbox@=\box48
\big@size=\dimen141
LaTeX Font Info:    Redeclaring font encoding OML on input line 733.
LaTeX Font Info:    Redeclaring font encoding OMS on input line 734.
\macc@depth=\count182
\c@MaxMatrixCols=\count183
\dotsspace@=\muskip16
\c@parentequation=\count184
\dspbrk@lvl=\count185
\tag@help=\toks18
\row@=\count186
\column@=\count187
\maxfields@=\count188
\andhelp@=\toks19
\eqnshift@=\dimen142
\alignsep@=\dimen143
\tagshift@=\dimen144
\tagwidth@=\dimen145
\totwidth@=\dimen146
\lineht@=\dimen147
\@envbody=\toks20
\multlinegap=\skip53
\multlinetaggap=\skip54
\mathdisplay@stack=\toks21
LaTeX Info: Redefining \[ on input line 2859.
LaTeX Info: Redefining \] on input line 2860.
)
(/usr/share/texlive/texmf-dist/tex/latex/amsfonts/amssymb.sty
Package: amssymb 2013/01/14 v3.01 AMS font symbols

(/usr/share/texlive/texmf-dist/tex/latex/amsfonts/amsfonts.sty
Package: amsfonts 2013/01/14 v3.01 Basic AMSFonts support
\symAMSa=\mathgroup4
\symAMSb=\mathgroup5
LaTeX Font Info:    Redeclaring math symbol \hbar on input line 98.
LaTeX Font Info:    Overwriting math alphabet `\mathfrak' in version `bold'
(Font)                  U/euf/m/n --> U/euf/b/n on input line 106.
))
(/usr/share/texlive/texmf-dist/tex/latex/tools/theorem.sty
Package: theorem 2014/10/28 v2.2c Theorem extension package (FMi)
\theorem@style=\toks22
\theorem@bodyfont=\toks23
\theorempreskipamount=\skip55
\theorempostskipamount=\skip56

(/usr/share/texlive/texmf-dist/tex/latex/tools/thp.sty
File: thp.sty 2014/10/28 v2.2c Theorem extension package (FMi)
))
(/usr/share/texlive/texmf-dist/tex/latex/listings/listings.sty
\lst@mode=\count189
\lst@gtempboxa=\box49
\lst@token=\toks24
\lst@length=\count190
\lst@currlwidth=\dimen148
\lst@column=\count191
\lst@pos=\count192
\lst@lostspace=\dimen149
\lst@width=\dimen150
\lst@newlines=\count193
\lst@lineno=\count194
\lst@maxwidth=\dimen151

(/usr/share/texlive/texmf-dist/tex/latex/listings/lstmisc.sty
File: lstmisc.sty 2019/09/10 1.8c (Carsten Heinz)
\c@lstnumber=\count195
\lst@skipnumbers=\count196
\lst@framebox=\box50
)
(/usr/share/texlive/texmf-dist/tex/latex/listings/listings.cfg
File: listings.cfg 2019/09/10 1.8c listings configuration
))
Package: listings 2019/09/10 1.8c (Carsten Heinz)

(/usr/share/texlive/texmf-dist/tex/latex/booktabs/booktabs.sty
Package: booktabs 2020/01/12 v1.61803398 Publication quality tables
\heavyrulewidth=\dimen152
\lightrulewidth=\dimen153
\cmidrulewidth=\dimen154
\belowrulesep=\dimen155
\belowbottomsep=\dimen156
\aboverulesep=\dimen157
\abovetopsep=\dimen158
\cmidrulesep=\dimen159
\cmidrulekern=\dimen160
\defaultaddspace=\dimen161
\@cmidla=\count197
\@cmidlb=\count198
\@aboverulesep=\dimen162
\@belowrulesep=\dimen163
\@thisruleclass=\count199
\@lastruleclass=\count266
\@thisrulewidth=\dimen164
)
(/usr/share/texlive/texmf-dist/tex/latex/microtype/microtype.sty
Package: microtype 2019/11/18 v2.7d Micro-typographical refinements (RS)
\MT@toks=\toks25
\MT@count=\count267
LaTeX Info: Redefining \textls on input line 790.
\MT@outer@kern=\dimen165
LaTeX Info: Redefining \textmicrotypecontext on input line 1354.
\MT@listname@count=\count268

(/usr/share/texlive/texmf-dist/tex/latex/microtype/microtype-pdftex.def
File: microtype-pdftex.def 2019/11/18 v2.7d Definitions specific to pdftex (RS)

LaTeX Info: Redefining \lsstyle on input line 914.
LaTeX Info: Redefining \lslig on input line 914.
\MT@outer@space=\skip57
)
Package microtype Info: Loading configuration file microtype.cfg.

(/usr/share/texlive/texmf-dist/tex/latex/microtype/microtype.cfg
File: microtype.cfg 2019/11/18 v2.7d microtype main configuration file (RS)
))
(/usr/share/texlive/texmf-dist/tex/latex/appendix/appendix.sty
Package: appendix 2020/02/08 v1.2c extra appendix facilities
\c@@pps=\count269
\c@@ppsavesec=\count270
\c@@ppsaveapp=\count271
)
(/usr/share/texlive/texmf-dist/tex/latex/setspace/setspace.sty
Package: setspace 2011/12/19 v6.7a set line spacing
)
(/usr/share/texlive/texmf-dist/tex/latex/subfiles/subfiles.sty
Package: subfiles 2020/02/14 v1.6 Multi-file projects (package)

(/usr/share/texlive/texmf-dist/tex/latex/import/import.sty
Package: import 2009/03/23  v 5.1
))
(/usr/share/texlive/texmf-dist/tex/latex/geometry/geometry.sty
Package: geometry 2020/01/02 v5.9 Page Geometry

(/usr/share/texlive/texmf-dist/tex/generic/iftex/ifvtex.sty
Package: ifvtex 2019/10/25 v1.7 ifvtex legacy package. Use iftex instead.

(/usr/share/texlive/texmf-dist/tex/generic/iftex/iftex.sty
Package: iftex 2019/11/07 v1.0c TeX engine tests
))
\Gm@cnth=\count272
\Gm@cntv=\count273
\c@Gm@tempcnt=\count274
\Gm@bindingoffset=\dimen166
\Gm@wd@mp=\dimen167
\Gm@odd@mp=\dimen168
\Gm@even@mp=\dimen169
\Gm@layoutwidth=\dimen170
\Gm@layoutheight=\dimen171
\Gm@layouthoffset=\dimen172
\Gm@layoutvoffset=\dimen173
\Gm@dimlist=\toks26
)
(/usr/share/texlive/texmf-dist/tex/latex/caption/subcaption.sty
Package: subcaption 2020/01/22 v1.3d Sub-captions (AR)

(/usr/share/texlive/texmf-dist/tex/latex/caption/caption.sty
Package: caption 2020/01/03 v3.4h Customizing captions (AR)

(/usr/share/texlive/texmf-dist/tex/latex/caption/caption3.sty
Package: caption3 2020/01/03 v1.8h caption3 kernel (AR)
Package caption3 Info: TeX engine: e-TeX on input line 61.
\captionmargin=\dimen174
\captionmargin@=\dimen175
\captionwidth=\dimen176
\caption@tempdima=\dimen177
\caption@indent=\dimen178
\caption@parindent=\dimen179
\caption@hangindent=\dimen180
Package caption Info: Standard document class detected.
)
\c@caption@flags=\count275
\c@continuedfloat=\count276
Package caption Info: listings package is loaded.
)
\c@subfigure=\count277
\c@subtable=\count278
)
(/usr/share/texlive/texmf-dist/tex/latex/multirow/multirow.sty
Package: multirow 2019/05/31 v2.5 Span multiple rows of a table
\multirow@colwidth=\skip58
\multirow@cntb=\count279
\multirow@dima=\skip59
\bigstrutjot=\dimen181
)
(/usr/share/texlive/texmf-dist/tex/latex/graphics/rotating.sty
Package: rotating 2016/08/11 v2.16d rotated objects in LaTeX
\c@r@tfl@t=\count280
\rotFPtop=\skip60
\rotFPbot=\skip61
\rot@float@box=\box51
\rot@mess@toks=\toks27
)
(/usr/share/texlive/texmf-dist/tex/latex/hyperref/hyperref.sty
Package: hyperref 2020/01/14 v7.00d Hypertext links for LaTeX

(/usr/share/texlive/texmf-dist/tex/generic/ltxcmds/ltxcmds.sty
Package: ltxcmds 2019/12/15 v1.24 LaTeX kernel commands for general use (HO)
)
(/usr/share/texlive/texmf-dist/tex/latex/pdftexcmds/pdftexcmds.sty
Package: pdftexcmds 2019/11/24 v0.31 Utility functions of pdfTeX for LuaTeX (HO
)

(/usr/share/texlive/texmf-dist/tex/generic/infwarerr/infwarerr.sty
Package: infwarerr 2019/12/03 v1.5 Providing info/warning/error messages (HO)
)
Package pdftexcmds Info: \pdf@primitive is available.
Package pdftexcmds Info: \pdf@ifprimitive is available.
Package pdftexcmds Info: \pdfdraftmode found.
)
(/usr/share/texlive/texmf-dist/tex/generic/kvsetkeys/kvsetkeys.sty
Package: kvsetkeys 2019/12/15 v1.18 Key value parser (HO)
)
(/usr/share/texlive/texmf-dist/tex/generic/kvdefinekeys/kvdefinekeys.sty
Package: kvdefinekeys 2019-12-19 v1.6 Define keys (HO)
)
(/usr/share/texlive/texmf-dist/tex/generic/pdfescape/pdfescape.sty
Package: pdfescape 2019/12/09 v1.15 Implements pdfTeX's escape features (HO)
)
(/usr/share/texlive/texmf-dist/tex/latex/hycolor/hycolor.sty
Package: hycolor 2020-01-27 v1.10 Color options for hyperref/bookmark (HO)
)
(/usr/share/texlive/texmf-dist/tex/latex/letltxmacro/letltxmacro.sty
Package: letltxmacro 2019/12/03 v1.6 Let assignment for LaTeX macros (HO)
)
(/usr/share/texlive/texmf-dist/tex/latex/auxhook/auxhook.sty
Package: auxhook 2019-12-17 v1.6 Hooks for auxiliary files (HO)
)
(/usr/share/texlive/texmf-dist/tex/latex/kvoptions/kvoptions.sty
Package: kvoptions 2019/11/29 v3.13 Key value format for package options (HO)
)
\@linkdim=\dimen182
\Hy@linkcounter=\count281
\Hy@pagecounter=\count282

(/usr/share/texlive/texmf-dist/tex/latex/hyperref/pd1enc.def
File: pd1enc.def 2020/01/14 v7.00d Hyperref: PDFDocEncoding definition (HO)
Now handling font encoding PD1 ...
... no UTF-8 mapping file for font encoding PD1
)
(/usr/share/texlive/texmf-dist/tex/generic/intcalc/intcalc.sty
Package: intcalc 2019/12/15 v1.3 Expandable calculations with integers (HO)
)
(/usr/share/texlive/texmf-dist/tex/generic/etexcmds/etexcmds.sty
Package: etexcmds 2019/12/15 v1.7 Avoid name clashes with e-TeX commands (HO)
)
\Hy@SavedSpaceFactor=\count283
\pdfmajorversion=\count284
Package hyperref Info: Hyper figures OFF on input line 4547.
Package hyperref Info: Link nesting OFF on input line 4552.
Package hyperref Info: Hyper index ON on input line 4555.
Package hyperref Info: Plain pages OFF on input line 4562.
Package hyperref Info: Backreferencing OFF on input line 4567.
Package hyperref Info: Implicit mode ON; LaTeX internals redefined.
Package hyperref Info: Bookmarks ON on input line 4800.
\c@Hy@tempcnt=\count285

(/usr/share/texlive/texmf-dist/tex/latex/url/url.sty
\Urlmuskip=\muskip17
Package: url 2013/09/16  ver 3.4  Verb mode for urls, etc.
)
LaTeX Info: Redefining \url on input line 5159.
\XeTeXLinkMargin=\dimen183

(/usr/share/texlive/texmf-dist/tex/generic/bitset/bitset.sty
Package: bitset 2019/12/09 v1.3 Handle bit-vector datatype (HO)

(/usr/share/texlive/texmf-dist/tex/generic/bigintcalc/bigintcalc.sty
Package: bigintcalc 2019/12/15 v1.5 Expandable calculations on big integers (HO
)
))
\Fld@menulength=\count286
\Field@Width=\dimen184
\Fld@charsize=\dimen185
Package hyperref Info: Hyper figures OFF on input line 6430.
Package hyperref Info: Link nesting OFF on input line 6435.
Package hyperref Info: Hyper index ON on input line 6438.
Package hyperref Info: backreferencing OFF on input line 6445.
Package hyperref Info: Link coloring OFF on input line 6450.
Package hyperref Info: Link coloring with OCG OFF on input line 6455.
Package hyperref Info: PDF/A mode OFF on input line 6460.
LaTeX Info: Redefining \ref on input line 6500.
LaTeX Info: Redefining \pageref on input line 6504.

(/usr/share/texlive/texmf-dist/tex/generic/atbegshi/atbegshi.sty
Package: atbegshi 2019/12/05 v1.19 At begin shipout hook (HO)
)
\Hy@abspage=\count287
\c@Item=\count288
\c@Hfootnote=\count289
)
Package hyperref Info: Driver (autodetected): hpdftex.

(/usr/share/texlive/texmf-dist/tex/latex/hyperref/hpdftex.def
File: hpdftex.def 2020/01/14 v7.00d Hyperref driver for pdfTeX

(/usr/share/texlive/texmf-dist/tex/latex/atveryend/atveryend.sty
Package: atveryend 2019-12-11 v1.11 Hooks at the very end of document (HO)
Package atveryend Info: \enddocument detected (standard20110627).
)
\Fld@listcount=\count290
\c@bookmark@seq@number=\count291

(/usr/share/texlive/texmf-dist/tex/latex/rerunfilecheck/rerunfilecheck.sty
Package: rerunfilecheck 2019/12/05 v1.9 Rerun checks for auxiliary files (HO)

(/usr/share/texlive/texmf-dist/tex/generic/uniquecounter/uniquecounter.sty
Package: uniquecounter 2019/12/15 v1.4 Provide unlimited unique counter (HO)
)
Package uniquecounter Info: New unique counter `rerunfilecheck' on input line 2
86.
)
\Hy@SectionHShift=\skip62
)
(/usr/share/texlive/texmf-dist/tex/latex/titling/titling.sty
Package: titling 2009/09/04 v2.1d maketitle typesetting
\thanksmarkwidth=\skip63
\thanksmargin=\skip64
\droptitle=\skip65
)
(/usr/share/texlive/texmf-dist/tex/latex/tocbibind/tocbibind.sty
Package: tocbibind 2010/10/13 v1.5k extra ToC listings
Package tocbibind Info: The document has chapter divisions on input line 50.


Package tocbibind Note: Using chapter style headings, unless overridden.

) (/usr/share/texlive/texmf-dist/tex/latex/lipsum/lipsum.sty
(/usr/share/texlive/texmf-dist/tex/latex/l3kernel/expl3.sty
Package: expl3 2020-02-14 L3 programming layer (loader) 

(/usr/share/texlive/texmf-dist/tex/latex/l3backend/l3backend-pdfmode.def
File: l3backend-pdfmode.def 2020-02-03 L3 backend support: PDF mode
\l__kernel_color_stack_int=\count292
\l__pdf_internal_box=\box52
))
(/usr/share/texlive/texmf-dist/tex/latex/l3packages/xparse/xparse.sty
Package: xparse 2020-02-14 L3 Experimental document command parser
\l__xparse_current_arg_int=\count293
\g__xparse_grabber_int=\count294
\l__xparse_m_args_int=\count295
\l__xparse_v_nesting_int=\count296
)
Package: lipsum 2019/01/02 v2.2 150 paragraphs of Lorem Ipsum dummy text

(/usr/share/texlive/texmf-dist/tex/latex/lipsum/lipsum.ltd.tex
File: lipsum.ltd.tex 2019/01/02 v2.2 The Lorem ipsum dummy text
))
(/usr/share/texmf/tex/latex/lm/lmodern.sty
Package: lmodern 2009/10/30 v1.6 Latin Modern Fonts
LaTeX Font Info:    Overwriting symbol font `operators' in version `normal'
(Font)                  OT1/cmr/m/n --> OT1/lmr/m/n on input line 22.
LaTeX Font Info:    Overwriting symbol font `letters' in version `normal'
(Font)                  OML/cmm/m/it --> OML/lmm/m/it on input line 23.
LaTeX Font Info:    Overwriting symbol font `symbols' in version `normal'
(Font)                  OMS/cmsy/m/n --> OMS/lmsy/m/n on input line 24.
LaTeX Font Info:    Overwriting symbol font `largesymbols' in version `normal'
(Font)                  OMX/cmex/m/n --> OMX/lmex/m/n on input line 25.
LaTeX Font Info:    Overwriting symbol font `operators' in version `bold'
(Font)                  OT1/cmr/bx/n --> OT1/lmr/bx/n on input line 26.
LaTeX Font Info:    Overwriting symbol font `letters' in version `bold'
(Font)                  OML/cmm/b/it --> OML/lmm/b/it on input line 27.
LaTeX Font Info:    Overwriting symbol font `symbols' in version `bold'
(Font)                  OMS/cmsy/b/n --> OMS/lmsy/b/n on input line 28.
LaTeX Font Info:    Overwriting symbol font `largesymbols' in version `bold'
(Font)                  OMX/cmex/m/n --> OMX/lmex/m/n on input line 29.
LaTeX Font Info:    Overwriting math alphabet `\mathbf' in version `normal'
(Font)                  OT1/cmr/bx/n --> OT1/lmr/bx/n on input line 31.
LaTeX Font Info:    Overwriting math alphabet `\mathsf' in version `normal'
(Font)                  OT1/cmss/m/n --> OT1/lmss/m/n on input line 32.
LaTeX Font Info:    Overwriting math alphabet `\mathit' in version `normal'
(Font)                  OT1/cmr/m/it --> OT1/lmr/m/it on input line 33.
LaTeX Font Info:    Overwriting math alphabet `\mathtt' in version `normal'
(Font)                  OT1/cmtt/m/n --> OT1/lmtt/m/n on input line 34.
LaTeX Font Info:    Overwriting math alphabet `\mathbf' in version `bold'
(Font)                  OT1/cmr/bx/n --> OT1/lmr/bx/n on input line 35.
LaTeX Font Info:    Overwriting math alphabet `\mathsf' in version `bold'
(Font)                  OT1/cmss/bx/n --> OT1/lmss/bx/n on input line 36.
LaTeX Font Info:    Overwriting math alphabet `\mathit' in version `bold'
(Font)                  OT1/cmr/bx/it --> OT1/lmr/bx/it on input line 37.
LaTeX Font Info:    Overwriting math alphabet `\mathtt' in version `bold'
(Font)                  OT1/cmtt/m/n --> OT1/lmtt/m/n on input line 38.
)
(/usr/share/texlive/texmf-dist/tex/latex/titlesec/titlesec.sty
Package: titlesec 2019/10/16 v2.13 Sectioning titles
\ttl@box=\box53
\beforetitleunit=\skip66
\aftertitleunit=\skip67
\ttl@plus=\dimen186
\ttl@minus=\dimen187
\ttl@toksa=\toks28
\titlewidth=\dimen188
\titlewidthlast=\dimen189
\titlewidthfirst=\dimen190
)
(/usr/share/texlive/texmf-dist/tex/latex/fancyhdr/fancyhdr.sty
Package: fancyhdr 2019/01/31 v3.10 Extensive control of page headers and footer
s
\f@nch@headwidth=\skip68
\f@nch@O@elh=\skip69
\f@nch@O@erh=\skip70
\f@nch@O@olh=\skip71
\f@nch@O@orh=\skip72
\f@nch@O@elf=\skip73
\f@nch@O@erf=\skip74
\f@nch@O@olf=\skip75
\f@nch@O@orf=\skip76
))

LaTeX Warning: Unused global option(s):
    [twosides].

(./report.aux

LaTeX Warning: Label `fig:scannet_vkitti' multiply defined.


LaTeX Warning: Label `fig:scannet_vkitti' multiply defined.


LaTeX Warning: Label `fig:unet_evaluation' multiply defined.


LaTeX Warning: Label `tab:caption' multiply defined.


LaTeX Warning: Label `tab:caption' multiply defined.


LaTeX Warning: Label `fig:unet_model_metric_comparison_all_classes' multiply de
fined.


LaTeX Warning: Label `fig:unet_model_metric_comparison_all_classes' multiply de
fined.


LaTeX Warning: Label `fig:unet_model_metric_comparison_all_classes' multiply de
fined.


LaTeX Warning: Label `fig:unet_model' multiply defined.


LaTeX Warning: Label `fig:unet_model_metric_comparison' multiply defined.


LaTeX Warning: Label `fig:unet_model_metric_comparison' multiply defined.


LaTeX Warning: Label `fig:unet_model_metric_comparison' multiply defined.


LaTeX Warning: Label `fig:performance_metric_three_classes_unet' multiply defin
ed.


LaTeX Warning: Label `fig:performance_metric_three_classes_unet' multiply defin
ed.


LaTeX Warning: Label `fig:performance_metric_three_classes_unet' multiply defin
ed.


LaTeX Warning: Label `fig:performance_metric_vkitti_two_class_box_plot' multipl
y defined.


LaTeX Warning: Label `fig:performance_metric_vkitti_two_class_box_plot' multipl
y defined.


LaTeX Warning: Label `fig:performance_metric_vkitti_two_class_box_plot' multipl
y defined.


LaTeX Warning: Label `fig:performance_metric_three_classes' multiply defined.


LaTeX Warning: Label `fig:performance_metric_three_classes' multiply defined.


LaTeX Warning: Label `fig:performance_metric_three_classes' multiply defined.


LaTeX Warning: Label `fig:performance_metric_three_classes' multiply defined.


LaTeX Warning: Label `fig:performance_metric_unet' multiply defined.


LaTeX Warning: Label `fig:performance_metric_unet' multiply defined.


LaTeX Warning: Label `fig:performance_metric_unet' multiply defined.


LaTeX Warning: Label `table:android_spec' multiply defined.


LaTeX Warning: Label `fig:android_result' multiply defined.


LaTeX Warning: Label `table:Classes in scannet_2' multiply defined.


LaTeX Warning: Label `fig:android_result' multiply defined.


LaTeX Warning: Label `fig:android_result' multiply defined.


LaTeX Warning: Label `fig:android_result' multiply defined.


LaTeX Warning: Label `fig:android_result' multiply defined.


LaTeX Warning: Label `fig:android_result' multiply defined.


LaTeX Warning: Label `fig:android_result' multiply defined.


LaTeX Warning: Label `fig:android_result' multiply defined.


LaTeX Warning: Label `fig:android_result' multiply defined.


LaTeX Warning: Label `fig:android_result' multiply defined.


LaTeX Warning: Label `fig:android_result' multiply defined.

)
\openout1 = `report.aux'.

LaTeX Font Info:    Checking defaults for OML/cmm/m/it on input line 55.
LaTeX Font Info:    ... okay on input line 55.
LaTeX Font Info:    Checking defaults for OMS/cmsy/m/n on input line 55.
LaTeX Font Info:    ... okay on input line 55.
LaTeX Font Info:    Checking defaults for OT1/cmr/m/n on input line 55.
LaTeX Font Info:    ... okay on input line 55.
LaTeX Font Info:    Checking defaults for T1/cmr/m/n on input line 55.
LaTeX Font Info:    ... okay on input line 55.
LaTeX Font Info:    Checking defaults for TS1/cmr/m/n on input line 55.
LaTeX Font Info:    ... okay on input line 55.
LaTeX Font Info:    Checking defaults for OMX/cmex/m/n on input line 55.
LaTeX Font Info:    ... okay on input line 55.
LaTeX Font Info:    Checking defaults for U/cmr/m/n on input line 55.
LaTeX Font Info:    ... okay on input line 55.
LaTeX Font Info:    Checking defaults for PD1/pdf/m/n on input line 55.
LaTeX Font Info:    ... okay on input line 55.
LaTeX Font Info:    Trying to load font information for OT1+lmr on input line 5
5.
 (/usr/share/texmf/tex/latex/lm/ot1lmr.fd
File: ot1lmr.fd 2009/10/30 v1.6 Font defs for Latin Modern
)
(/usr/share/texlive/texmf-dist/tex/context/base/mkii/supp-pdf.mkii
[Loading MPS to PDF converter (version 2006.09.02).]
\scratchcounter=\count297
\scratchdimen=\dimen191
\scratchbox=\box54
\nofMPsegments=\count298
\nofMParguments=\count299
\everyMPshowfont=\toks29
\MPscratchCnt=\count300
\MPscratchDim=\dimen192
\MPnumerator=\count301
\makeMPintoPDFobject=\count302
\everyMPtoPDFconversion=\toks30
) (/usr/share/texlive/texmf-dist/tex/latex/epstopdf-pkg/epstopdf-base.sty
Package: epstopdf-base 2020-01-24 v2.11 Base part for package epstopdf
Package epstopdf-base Info: Redefining graphics rule for `.eps' on input line 4
85.

(/usr/share/texlive/texmf-dist/tex/latex/latexconfig/epstopdf-sys.cfg
File: epstopdf-sys.cfg 2010/07/13 v1.3 Configuration of (r)epstopdf for TeX Liv
e
))
\c@lstlisting=\count303
LaTeX Info: Redefining \microtypecontext on input line 55.
Package microtype Info: Generating PDF output.
Package microtype Info: Character protrusion enabled (level 2).
Package microtype Info: Using default protrusion set `alltext'.
Package microtype Info: Automatic font expansion enabled (level 2),
(microtype)             stretch: 20, shrink: 20, step: 1, non-selected.
Package microtype Info: Using default expansion set `basictext'.
LaTeX Info: Redefining \showhyphens on input line 55.
Package microtype Info: No adjustment of tracking.
Package microtype Info: No adjustment of interword spacing.
Package microtype Info: No adjustment of character kerning.

(/usr/share/texlive/texmf-dist/tex/latex/microtype/mt-cmr.cfg
File: mt-cmr.cfg 2013/05/19 v2.2 microtype config. file: Computer Modern Roman 
(RS)
)
*geometry* driver: auto-detecting
*geometry* detected driver: pdftex
*geometry* verbose mode - [ preamble ] result:
* driver: pdftex
* paper: <default>
* layout: <same size as paper>
* layoutoffset:(h,v)=(0.0pt,0.0pt)
* modes: twoside 
* h-part:(L,W,R)=(85.35826pt, 455.24411pt, 56.9055pt)
* v-part:(T,H,B)=(101.40665pt, 591.5302pt, 152.11pt)
* \paperwidth=597.50787pt
* \paperheight=845.04684pt
* \textwidth=455.24411pt
* \textheight=591.5302pt
* \oddsidemargin=13.08827pt
* \evensidemargin=-15.36449pt
* \topmargin=-0.93083pt
* \headheight=12.0pt
* \headsep=18.06749pt
* \topskip=10.0pt
* \footskip=25.29494pt
* \marginparwidth=115.0pt
* \marginparsep=7.0pt
* \columnsep=10.0pt
* \skip\footins=9.0pt plus 4.0pt minus 2.0pt
* \hoffset=0.0pt
* \voffset=0.0pt
* \mag=1000
* \@twocolumnfalse
* \@twosidetrue
* \@mparswitchtrue
* \@reversemarginfalse
* (1in=72.27pt=25.4mm, 1cm=28.453pt)

Package caption Info: Begin \AtBeginDocument code.
Package caption Info: hyperref package is loaded.
Package caption Info: rotating package is loaded.
Package caption Info: End \AtBeginDocument code.
\AtBeginShipoutBox=\box55
Package hyperref Info: Link coloring OFF on input line 55.
(/usr/share/texlive/texmf-dist/tex/latex/hyperref/nameref.sty
Package: nameref 2019/09/16 v2.46 Cross-referencing by name of section

(/usr/share/texlive/texmf-dist/tex/latex/refcount/refcount.sty
Package: refcount 2019/12/15 v3.6 Data extraction from label references (HO)
)
(/usr/share/texlive/texmf-dist/tex/generic/gettitlestring/gettitlestring.sty
Package: gettitlestring 2019/12/15 v1.6 Cleanup title references (HO)
)
\c@section@level=\count304
)
LaTeX Info: Redefining \ref on input line 55.
LaTeX Info: Redefining \pageref on input line 55.
LaTeX Info: Redefining \nameref on input line 55.

(./report.out) (./report.out)
\@outlinefile=\write3
\openout3 = `report.out'.



Package hyperref Warning: Option `colorlinks' has already been used,
(hyperref)                setting the option has no effect on input line 55.


Package hyperref Warning: Option `pagebackref' has already been used,
(hyperref)                setting the option has no effect on input line 55.

*geometry* verbose mode - [ newgeometry ] result:
* driver: pdftex
* paper: <default>
* layout: <same size as paper>
* layoutoffset:(h,v)=(0.0pt,0.0pt)
* modes: twoside 
* h-part:(L,W,R)=(85.35826pt, 440.44795pt, 71.70166pt)
* v-part:(T,H,B)=(101.40665pt, 658.28194pt, 85.35826pt)
* \paperwidth=597.50787pt
* \paperheight=845.04684pt
* \textwidth=440.44795pt
* \textheight=658.28194pt
* \oddsidemargin=13.08827pt
* \evensidemargin=-0.56833pt
* \topmargin=-0.93083pt
* \headheight=12.0pt
* \headsep=18.06749pt
* \topskip=10.0pt
* \footskip=25.29494pt
* \marginparwidth=115.0pt
* \marginparsep=7.0pt
* \columnsep=10.0pt
* \skip\footins=9.0pt plus 4.0pt minus 2.0pt
* \hoffset=0.0pt
* \voffset=0.0pt
* \mag=1000
* \@twocolumnfalse
* \@twosidetrue
* \@mparswitchtrue
* \@reversemarginfalse
* (1in=72.27pt=25.4mm, 1cm=28.453pt)

<images/Logo-HBRS-cyan.png, id=285, 1965.3425pt x 353.32pt>
File: images/Logo-HBRS-cyan.png Graphic file (type png)
<use images/Logo-HBRS-cyan.png>
Package pdftex.def Info: images/Logo-HBRS-cyan.png  used on input line 59.
(pdftex.def)             Requested size: 205.72229pt x 36.98866pt.
LaTeX Font Info:    Trying to load font information for OML+lmm on input line 5
9.
(/usr/share/texmf/tex/latex/lm/omllmm.fd
File: omllmm.fd 2009/10/30 v1.6 Font defs for Latin Modern
)
LaTeX Font Info:    Trying to load font information for OMS+lmsy on input line 
59.

(/usr/share/texmf/tex/latex/lm/omslmsy.fd
File: omslmsy.fd 2009/10/30 v1.6 Font defs for Latin Modern
)
LaTeX Font Info:    Trying to load font information for OMX+lmex on input line 
59.

(/usr/share/texmf/tex/latex/lm/omxlmex.fd
File: omxlmex.fd 2009/10/30 v1.6 Font defs for Latin Modern
)
LaTeX Font Info:    External font `lmex10' loaded for size
(Font)              <10> on input line 59.
LaTeX Font Info:    External font `lmex10' loaded for size
(Font)              <7> on input line 59.
LaTeX Font Info:    External font `lmex10' loaded for size
(Font)              <5> on input line 59.
LaTeX Font Info:    Trying to load font information for U+msa on input line 59.


(/usr/share/texlive/texmf-dist/tex/latex/amsfonts/umsa.fd
File: umsa.fd 2013/01/14 v3.01 AMS symbols A
)
(/usr/share/texlive/texmf-dist/tex/latex/microtype/mt-msa.cfg
File: mt-msa.cfg 2006/02/04 v1.1 microtype config. file: AMS symbols (a) (RS)
)
LaTeX Font Info:    Trying to load font information for U+msb on input line 59.


(/usr/share/texlive/texmf-dist/tex/latex/amsfonts/umsb.fd
File: umsb.fd 2013/01/14 v3.01 AMS symbols B
)
(/usr/share/texlive/texmf-dist/tex/latex/microtype/mt-msb.cfg
File: mt-msb.cfg 2005/06/01 v1.0 microtype config. file: AMS symbols (b) (RS)
)
<images/b-it.pdf, id=286, 1949.2825pt x 516.93124pt>
File: images/b-it.pdf Graphic file (type pdf)
<use images/b-it.pdf>
Package pdftex.def Info: images/b-it.pdf  used on input line 59.
(pdftex.def)             Requested size: 139.46782pt x 36.98866pt.
 [1





{/var/lib/texmf/fonts/map/pdftex/updmap/pdftex.map} <./images/Logo-HBRS-cyan.pn
g> <./images/b-it.pdf>] [2


]
LaTeX Font Info:    Trying to load font information for TS1+lmr on input line 6
3.
 (/usr/share/texmf/tex/latex/lm/ts1lmr.fd
File: ts1lmr.fd 2009/10/30 v1.6 Font defs for Latin Modern
) [3] [4


] [5]
(./chapters/abstract.tex [6


]) (./chapters/acknowledgment.tex [7] [8

]) [9]
[10

] (./report.toc [11] [12])
\tf@toc=\write4
\openout4 = `report.toc'.

 [13] [14

] (./report.lof [15] [16] [17])
\tf@lof=\write5
\openout5 = `report.lof'.

 [18]
(./report.lot)
\tf@lot=\write6
\openout6 = `report.lot'.

 [19

] [20

] (./chapters/ch01_introduction.tex
Chapter 1.
<images/df.png, id=722, 514.92375pt x 379.4175pt>
File: images/df.png Graphic file (type png)
<use images/df.png>
Package pdftex.def Info: images/df.png  used on input line 12.
(pdftex.def)             Requested size: 284.52756pt x 209.6529pt.
[1

 <./images/df.png>] [2] [3] [4]
Underfull \vbox (badness 1776) has occurred while \output is active []

 [5])
(./chapters/ch02_stateoftheart.tex [6]
Chapter 2.
<images/mldl.png, id=830, 739.76375pt x 484.81125pt>
File: images/mldl.png Graphic file (type png)
<use images/mldl.png>
Package pdftex.def Info: images/mldl.png  used on input line 16.
(pdftex.def)             Requested size: 284.52756pt x 186.46426pt.
[7

 <./images/mldl.png>] [8]
<images/MVS.png, id=879, 590.205pt x 616.3025pt>
File: images/MVS.png Graphic file (type png)
<use images/MVS.png>
Package pdftex.def Info: images/MVS.png  used on input line 40.
(pdftex.def)             Requested size: 170.71652pt x 178.26234pt.

Overfull \hbox (3.38628pt too wide) in paragraph at lines 50--51
[]\OT1/lmr/m/n/10 (-20) If $\OML/lmm/m/it/10 I$ \OT1/lmr/m/n/10 (-20) is a set 
of all im-age pix-els of an im-age, then seg-men-ta-tion gen-er-ates unique re-
gions $[]$
 []

[9 <./images/MVS.png>]
<images/ss.jpg, id=894, 835.12pt x 591.20876pt>
File: images/ss.jpg Graphic file (type jpg)
<use images/ss.jpg>
Package pdftex.def Info: images/ss.jpg  used on input line 57.
(pdftex.def)             Requested size: 341.43306pt x 241.71155pt.
 [10 <./images/ss.jpg>]
<images/en_de.png, id=914, 948.54375pt x 203.76125pt>
File: images/en_de.png Graphic file (type png)
<use images/en_de.png>
Package pdftex.def Info: images/en_de.png  used on input line 87.
(pdftex.def)             Requested size: 398.33858pt x 85.56981pt.
<images/general_seg.png, id=918, 1386.17876pt x 404.51125pt>
File: images/general_seg.png Graphic file (type png)
<use images/general_seg.png>
Package pdftex.def Info: images/general_seg.png  used on input line 96.
(pdftex.def)             Requested size: 398.33858pt x 116.2436pt.


LaTeX Warning: `h' float specifier changed to `ht'.

<images/segnet.png, id=923, 1396.21625pt x 398.48875pt>
File: images/segnet.png Graphic file (type png)
<use images/segnet.png>
Package pdftex.def Info: images/segnet.png  used on input line 105.
(pdftex.def)             Requested size: 398.33858pt x 113.68599pt.

LaTeX Warning: `h' float specifier changed to `ht'.

[11 <./images/en_de.png>]
<images/unet.png, id=941, 1128.215pt x 797.98125pt>
File: images/unet.png Graphic file (type png)
<use images/unet.png>
Package pdftex.def Info: images/unet.png  used on input line 116.
(pdftex.def)             Requested size: 398.33858pt x 281.74503pt.


LaTeX Warning: `h' float specifier changed to `ht'.

[12 <./images/general_seg.png> <./images/segnet.png>] [13 <./images/unet.png>]
<images/TDNet.png, id=981, 956.57375pt x 715.67375pt>
File: images/TDNet.png Graphic file (type png)
<use images/TDNet.png>
Package pdftex.def Info: images/TDNet.png  used on input line 129.
(pdftex.def)             Requested size: 341.43306pt x 255.44737pt.
) (./chapters/ch03_methodology.tex [14 <./images/TDNet.png>]
Chapter 3.
<images/images_segm_scannet.png, id=990, 962.59625pt x 368.37625pt>
File: images/images_segm_scannet.png Graphic file (type png)
<use images/images_segm_scannet.png>
Package pdftex.def Info: images/images_segm_scannet.png  used on input line 18.

(pdftex.def)             Requested size: 483.69684pt x 185.10388pt.

Overfull \hbox (28.45273pt too wide) in paragraph at lines 18--19
 [][] 
 []


LaTeX Warning: Reference `90_dai2017scannet' on page 15 undefined on input line
 23.


LaTeX Warning: Reference `91_ScanNet' on page 15 undefined on input line 23.

<images/pose_viz_scannet.png, id=991, 586.1097pt x 570.933pt>
File: images/pose_viz_scannet.png Graphic file (type png)
<use images/pose_viz_scannet.png>
Package pdftex.def Info: images/pose_viz_scannet.png  used on input line 27.
(pdftex.def)             Requested size: 312.9803pt x 304.87552pt.
[15

 <./images/images_segm_scannet.png>]
<images/scannet_data_class_distribution.png, id=1002, 960.4683pt x 560.8152pt>
File: images/scannet_data_class_distribution.png Graphic file (type png)
<use images/scannet_data_class_distribution.png>
Package pdftex.def Info: images/scannet_data_class_distribution.png  used on in
put line 36.
(pdftex.def)             Requested size: 312.9803pt x 182.75055pt.
 [16 <./images/pose_viz_scannet.png>]
<images/images_segm_vkitti.png, id=1010, 924.45375pt x 356.33125pt>
File: images/images_segm_vkitti.png Graphic file (type png)
<use images/images_segm_vkitti.png>
Package pdftex.def Info: images/images_segm_vkitti.png  used on input line 48.
(pdftex.def)             Requested size: 398.33858pt x 153.54024pt.
<images/pose_viz_vkitti.png, id=1011, 586.1097pt x 570.933pt>
File: images/pose_viz_vkitti.png Graphic file (type png)
<use images/pose_viz_vkitti.png>
Package pdftex.def Info: images/pose_viz_vkitti.png  used on input line 55.
(pdftex.def)             Requested size: 398.33858pt x 388.02893pt.


LaTeX Warning: `h' float specifier changed to `ht'.


LaTeX Warning: Reference `93_ScanNet' on page 17 undefined on input line 62.


LaTeX Warning: Reference `94_ScanNet' on page 17 undefined on input line 62.


Underfull \vbox (badness 10000) has occurred while \output is active []

 [17 <./images/scannet_data_class_distribution.png> <./images/images_segm_vkitt
i.png>]
Underfull \vbox (badness 2922) has occurred while \output is active []

 [18 <./images/pose_viz_vkitti.png>]
<images/scannet_vkitti_data.png, id=1025, 963.6pt x 468.75125pt>
File: images/scannet_vkitti_data.png Graphic file (type png)
<use images/scannet_vkitti_data.png>
Package pdftex.def Info: images/scannet_vkitti_data.png  used on input line 66.

(pdftex.def)             Requested size: 398.33858pt x 193.76996pt.
<images/scannet_scanes_samples.png, id=1026, 1609.4529pt x 1160.6562pt>
File: images/scannet_scanes_samples.png Graphic file (type png)
<use images/scannet_scanes_samples.png>
Package pdftex.def Info: images/scannet_scanes_samples.png  used on input line 
73.
(pdftex.def)             Requested size: 398.33858pt x 287.25887pt.


LaTeX Warning: `h' float specifier changed to `ht'.

<images/vkitti_scanes_samples.png, id=1027, 1559.5866pt x 1160.6562pt>
File: images/vkitti_scanes_samples.png Graphic file (type png)
<use images/vkitti_scanes_samples.png>
Package pdftex.def Info: images/vkitti_scanes_samples.png  used on input line 8
0.
(pdftex.def)             Requested size: 398.33858pt x 296.45044pt.

LaTeX Warning: `h' float specifier changed to `ht'.


LaTeX Warning: Reference `70_ronneberger2015u' on page 19 undefined on input li
ne 87.

<images/Unet.jpg, id=1028, 3420.78pt x 2964.07375pt>
File: images/Unet.jpg Graphic file (type jpg)
<use images/Unet.jpg>
Package pdftex.def Info: images/Unet.jpg  used on input line 95.
(pdftex.def)             Requested size: 398.33858pt x 345.13536pt.
[19 <./images/scannet_vkitti_data.png>]

LaTeX Warning: `h' float specifier changed to `ht'.


LaTeX Warning: Reference `52_hou2019multi' on page 20 undefined on input line 1
02.


LaTeX Warning: Reference `95_mazzotti2016measure' on page 20 undefined on input
 line 102.


Underfull \vbox (badness 2932) has occurred while \output is active []

 [20 <./images/scannet_scanes_samples.png>]

LaTeX Warning: Reference `96_GPML' on page 21 undefined on input line 109.


LaTeX Warning: Reference `97_williams2006gaussian' on page 21 undefined on inpu
t line 109.

<images/unet_gp.png, id=1045, 2304.61pt x 963.6pt>
File: images/unet_gp.png Graphic file (type png)
<use images/unet_gp.png>
Package pdftex.def Info: images/unet_gp.png  used on input line 119.
(pdftex.def)             Requested size: 398.33858pt x 166.54465pt.

LaTeX Warning: `h' float specifier changed to `ht'.


LaTeX Warning: Reference `03_duzceker2021deepvideomvs' on page 21 undefined on 
input line 137.


LaTeX Warning: Reference `98_ConvLSTM' on page 21 undefined on input line 137.


LaTeX Warning: Reference `99_shi2015convolutional' on page 21 undefined on inpu
t line 137.


LaTeX Warning: Reference `03_duzceker2021deepvideomvs' on page 21 undefined on 
input line 137.

[21 <./images/vkitti_scanes_samples.png>]
Underfull \vbox (badness 1292) has occurred while \output is active []

 [22 <./images/Unet.jpg>]
<images/unet_lstm.png, id=1062, 819.06pt x 1038.88126pt>
File: images/unet_lstm.png Graphic file (type png)
<use images/unet_lstm.png>
Package pdftex.def Info: images/unet_lstm.png  used on input line 168.
(pdftex.def)             Requested size: 398.33858pt x 505.25179pt.
 [23 <./images/unet_gp.png>] [24 <./images/unet_lstm.png>]
<images/training.png, id=1080, 1701.35625pt x 610.28pt>
File: images/training.png Graphic file (type png)
<use images/training.png>
Package pdftex.def Info: images/training.png  used on input line 182.
(pdftex.def)             Requested size: 398.33858pt x 142.88503pt.
<images/evaluation.png, id=1081, 1456.44125pt x 716.6775pt>
File: images/evaluation.png Graphic file (type png)
<use images/evaluation.png>
Package pdftex.def Info: images/evaluation.png  used on input line 189.
(pdftex.def)             Requested size: 398.33858pt x 196.00977pt.
<images/training_and_evaluation.png, id=1082, 1003.75pt x 1174.3875pt>
File: images/training_and_evaluation.png Graphic file (type png)
<use images/training_and_evaluation.png>
Package pdftex.def Info: images/training_and_evaluation.png  used on input line
 196.
(pdftex.def)             Requested size: 398.33858pt x 466.05522pt.
)
(./chapters/ch05_evaluation_and_result.tex [25 <./images/training.png>]
[26 <./images/evaluation.png>] [27 <./images/training_and_evaluation.png>]
[28

]
Chapter 4.
[29]
<images/IoU.png, id=1118, 635.37375pt x 470.75874pt>
File: images/IoU.png Graphic file (type png)
<use images/IoU.png>
Package pdftex.def Info: images/IoU.png  used on input line 56.
(pdftex.def)             Requested size: 341.43306pt x 252.97762pt.

Underfull \vbox (badness 2689) has occurred while \output is active []

 [30 <./images/IoU.png>] [31]
<images/VIS.png, id=1137, 1735.48375pt x 812.03375pt>
File: images/VIS.png Graphic file (type png)
<use images/VIS.png>
Package pdftex.def Info: images/VIS.png  used on input line 102.
(pdftex.def)             Requested size: 369.88582pt x 173.0598pt.
 [32 <./images/VIS.png>]
<images/VITA.png, id=1143, 1626.075pt x 510.90875pt>
File: images/VITA.png Graphic file (type png)
<use images/VITA.png>
Package pdftex.def Info: images/VITA.png  used on input line 111.
(pdftex.def)             Requested size: 369.88582pt x 116.21243pt.
<images/minVIS.png, id=1144, 1331.97626pt x 350.30875pt>
File: images/minVIS.png Graphic file (type png)
<use images/minVIS.png>
Package pdftex.def Info: images/minVIS.png  used on input line 120.
(pdftex.def)             Requested size: 369.88582pt x 97.27864pt.
 [33 <./images/VITA.png> <./images/minVIS.png>]
<images/mask2former.png, id=1151, 1041.8925pt x 454.69875pt>
File: images/mask2former.png Graphic file (type png)
<use images/mask2former.png>
Package pdftex.def Info: images/mask2former.png  used on input line 129.
(pdftex.def)             Requested size: 369.88582pt x 161.42265pt.


LaTeX Warning: `h' float specifier changed to `ht'.

[34 <./images/mask2former.png>]

LaTeX Warning: Reference `label' on page 35 undefined on input line 187.

[35]
File: images/scannet_data_class_distribution.png Graphic file (type png)
<use images/scannet_data_class_distribution.png>
Package pdftex.def Info: images/scannet_data_class_distribution.png  used on in
put line 201.
(pdftex.def)             Requested size: 369.88582pt x 215.9787pt.
<images/scannet_training_data_class_distribution.png, id=1175, 947.4597pt x 560
.8152pt>
File: images/scannet_training_data_class_distribution.png Graphic file (type pn
g)
<use images/scannet_training_data_class_distribution.png>
Package pdftex.def Info: images/scannet_training_data_class_distribution.png  u
sed on input line 208.
(pdftex.def)             Requested size: 199.16928pt x 117.88591pt.
<images/scannet_testing_data_class_distribution.png, id=1176, 953.964pt x 560.8
152pt>
File: images/scannet_testing_data_class_distribution.png Graphic file (type png
)
<use images/scannet_testing_data_class_distribution.png>
Package pdftex.def Info: images/scannet_testing_data_class_distribution.png  us
ed on input line 210.
(pdftex.def)             Requested size: 199.16928pt x 117.08151pt.
<images/scannet_training_data_class_distribution_two_classes.png, id=1177, 489.
9906pt x 393.1488pt>
File: images/scannet_training_data_class_distribution_two_classes.png Graphic f
ile (type png)
<use images/scannet_training_data_class_distribution_two_classes.png>
Package pdftex.def Info: images/scannet_training_data_class_distribution_two_cl
asses.png  used on input line 217.
(pdftex.def)             Requested size: 199.16928pt x 159.80629pt.
<images/scannet_testing_data_class_distribution_two_classes.png, id=1178, 505.8
9pt x 393.1488pt>
File: images/scannet_testing_data_class_distribution_two_classes.png Graphic fi
le (type png)
<use images/scannet_testing_data_class_distribution_two_classes.png>
Package pdftex.def Info: images/scannet_testing_data_class_distribution_two_cla
sses.png  used on input line 219.
(pdftex.def)             Requested size: 199.16928pt x 154.78516pt.
<images/scannet_training_data_class_distribution_three_classes.png, id=1179, 94
7.4597pt x 560.8152pt>
File: images/scannet_training_data_class_distribution_three_classes.png Graphic
 file (type png)
<use images/scannet_training_data_class_distribution_three_classes.png>
Package pdftex.def Info: images/scannet_training_data_class_distribution_three_
classes.png  used on input line 226.
(pdftex.def)             Requested size: 199.16928pt x 117.88591pt.
<images/scannet_testing_data_class_distribution_three_classes.png, id=1180, 947
.4597pt x 560.8152pt>
File: images/scannet_testing_data_class_distribution_three_classes.png Graphic 
file (type png)
<use images/scannet_testing_data_class_distribution_three_classes.png>
Package pdftex.def Info: images/scannet_testing_data_class_distribution_three_c
lasses.png  used on input line 228.
(pdftex.def)             Requested size: 199.16928pt x 117.88591pt.
<images/ordered_images.jpg, id=1183, 1383.1675pt x 217.81375pt>
File: images/ordered_images.jpg Graphic file (type jpg)
<use images/ordered_images.jpg>
Package pdftex.def Info: images/ordered_images.jpg  used on input line 239.
(pdftex.def)             Requested size: 398.33858pt x 62.72565pt.
<images/unordered_images.jpg, id=1184, 1386.17876pt x 230.8625pt>
File: images/unordered_images.jpg Graphic file (type jpg)
<use images/unordered_images.jpg>
Package pdftex.def Info: images/unordered_images.jpg  used on input line 241.
(pdftex.def)             Requested size: 398.33858pt x 66.3425pt.
 [36] [37 <./images/scannet_training_data_class_distribution.png> <./images/sca
nnet_testing_data_class_distribution.png> <./images/scannet_training_data_class
_distribution_two_classes.png> <./images/scannet_testing_data_class_distributio
n_two_classes.png> <./images/scannet_training_data_class_distribution_three_cla
sses.png> <./images/scannet_testing_data_class_distribution_three_classes.png>]
<images/ordered_D.png, id=1203, 1066.98625pt x 1122.1925pt>
File: images/ordered_D.png Graphic file (type png)
<use images/ordered_D.png>
Package pdftex.def Info: images/ordered_D.png  used on input line 250.
(pdftex.def)             Requested size: 199.16928pt x 209.4688pt.
<images/ordered_K.png, id=1204, 1086.0575pt x 1122.1925pt>
File: images/ordered_K.png Graphic file (type png)
<use images/ordered_K.png>
Package pdftex.def Info: images/ordered_K.png  used on input line 252.
(pdftex.def)             Requested size: 199.16928pt x 205.7873pt.
<images/unordered_D.png, id=1205, 1060.96375pt x 1122.1925pt>
File: images/unordered_D.png Graphic file (type png)
<use images/unordered_D.png>
Package pdftex.def Info: images/unordered_D.png  used on input line 259.
(pdftex.def)             Requested size: 199.16928pt x 210.6503pt.
<images/unordered_K.png, id=1206, 1072.005pt x 1122.1925pt>
File: images/unordered_K.png Graphic file (type png)
<use images/unordered_K.png>
Package pdftex.def Info: images/unordered_K.png  used on input line 261.
(pdftex.def)             Requested size: 199.16928pt x 208.49277pt.

Overfull \hbox (2.38974pt too wide) in paragraph at lines 281--298
 [] 
 []

<images/Y_ground_truth_vanilla.png, id=1208, 950.3505pt x 558.6471pt>
File: images/Y_ground_truth_vanilla.png Graphic file (type png)
<use images/Y_ground_truth_vanilla.png>
Package pdftex.def Info: images/Y_ground_truth_vanilla.png  used on input line 
305.
(pdftex.def)             Requested size: 199.16928pt x 117.07214pt.
<images/Y_predicted_vanilla.png, id=1209, 956.1321pt x 553.5882pt>
File: images/Y_predicted_vanilla.png Graphic file (type png)
<use images/Y_predicted_vanilla.png>
Package pdftex.def Info: images/Y_predicted_vanilla.png  used on input line 307
.
(pdftex.def)             Requested size: 199.16928pt x 115.31087pt.
[38 <./images/ordered_images.jpg> <./images/unordered_images.jpg>] [39 <./image
s/ordered_D.png> <./images/ordered_K.png> <./images/unordered_D.png> <./images/
unordered_K.png>] [40 <./images/Y_ground_truth_vanilla.png> <./images/Y_predict
ed_vanilla.png>]
Overfull \hbox (2.38974pt too wide) in paragraph at lines 318--335
 [] 
 []

<images/Y_ground_truth_gp.png, id=1231, 965.5272pt x 556.479pt>
File: images/Y_ground_truth_gp.png Graphic file (type png)
<use images/Y_ground_truth_gp.png>
Package pdftex.def Info: images/Y_ground_truth_gp.png  used on input line 342.
(pdftex.def)             Requested size: 199.16928pt x 114.78369pt.
<images/Y_predicted_gp.png, id=1232, 957.5775pt x 555.7563pt>
File: images/Y_predicted_gp.png Graphic file (type png)
<use images/Y_predicted_gp.png>
Package pdftex.def Info: images/Y_predicted_gp.png  used on input line 344.
(pdftex.def)             Requested size: 199.16928pt x 115.59288pt.
[41 <./images/Y_ground_truth_gp.png> <./images/Y_predicted_gp.png>]

LaTeX Warning: Reference `tab:lstm_result_all_classes' on page 42 undefined on 
input line 353.


Overfull \hbox (2.38974pt too wide) in paragraph at lines 357--371
 [] 
 []

<images/Y_ground_truth_lstm.png, id=1240, 968.418pt x 558.6471pt>
File: images/Y_ground_truth_lstm.png Graphic file (type png)
<use images/Y_ground_truth_lstm.png>
Package pdftex.def Info: images/Y_ground_truth_lstm.png  used on input line 378
.
(pdftex.def)             Requested size: 199.16928pt x 114.88994pt.
<images/Y_predicted_lstm.png, id=1241, 961.191pt x 553.5882pt>
File: images/Y_predicted_lstm.png Graphic file (type png)
<use images/Y_predicted_lstm.png>
Package pdftex.def Info: images/Y_predicted_lstm.png  used on input line 380.
(pdftex.def)             Requested size: 199.16928pt x 114.70268pt.
[42 <./images/Y_ground_truth_lstm.png> <./images/Y_predicted_lstm.png>]
<images/all_classes_acc.png, id=1250, 1578.3768pt x 1328.3226pt>
File: images/all_classes_acc.png Graphic file (type png)
<use images/all_classes_acc.png>
Package pdftex.def Info: images/all_classes_acc.png  used on input line 396.
(pdftex.def)             Requested size: 341.43306pt x 287.32689pt.
<images/all_classes_meanacc.png, id=1251, 1610.1756pt x 1328.3226pt>
File: images/all_classes_meanacc.png Graphic file (type png)
<use images/all_classes_meanacc.png>
Package pdftex.def Info: images/all_classes_meanacc.png  used on input line 403
.
(pdftex.def)             Requested size: 341.43306pt x 281.65169pt.
<images/all_classes_meanIoU.png, id=1252, 1610.1756pt x 1328.3226pt>
File: images/all_classes_meanIoU.png Graphic file (type png)
<use images/all_classes_meanIoU.png>
Package pdftex.def Info: images/all_classes_meanIoU.png  used on input line 410
.
(pdftex.def)             Requested size: 341.43306pt x 281.65169pt.
<images/all_classes_FwIoU.png, id=1253, 1610.1756pt x 1328.3226pt>
File: images/all_classes_FwIoU.png Graphic file (type png)
<use images/all_classes_FwIoU.png>
Package pdftex.def Info: images/all_classes_FwIoU.png  used on input line 417.
(pdftex.def)             Requested size: 341.43306pt x 281.65169pt.
<images/unet_scannet_all_classes.png, id=1254, 1712.3975pt x 731.73375pt>
File: images/unet_scannet_all_classes.png Graphic file (type png)
<use images/unet_scannet_all_classes.png>
Package pdftex.def Info: images/unet_scannet_all_classes.png  used on input lin
e 424.
(pdftex.def)             Requested size: 455.24408pt x 194.53378pt.

[43 <./images/all_classes_acc.png>] [44 <./images/all_classes_meanacc.png>]
[45 <./images/all_classes_meanIoU.png>] [46 <./images/all_classes_FwIoU.png> <.
/images/unet_scannet_all_classes.png>]
<images/output_unet_two_classes.png, id=1279, 1673.25125pt x 706.64pt>
File: images/output_unet_two_classes.png Graphic file (type png)
<use images/output_unet_two_classes.png>
Package pdftex.def Info: images/output_unet_two_classes.png  used on input line
 437.
(pdftex.def)             Requested size: 455.24408pt x 192.25098pt.


LaTeX Warning: `h' float specifier changed to `ht'.

<images/two_classes_acc.png, id=1280, 1558.1412pt x 1328.3226pt>
File: images/two_classes_acc.png Graphic file (type png)
<use images/two_classes_acc.png>
Package pdftex.def Info: images/two_classes_acc.png  used on input line 470.
(pdftex.def)             Requested size: 341.43306pt x 291.0563pt.
<images/two_classes_meanacc.png, id=1281, 1558.1412pt x 1328.3226pt>
File: images/two_classes_meanacc.png Graphic file (type png)
<use images/two_classes_meanacc.png>
Package pdftex.def Info: images/two_classes_meanacc.png  used on input line 477
.
(pdftex.def)             Requested size: 341.43306pt x 291.0563pt.
<images/two_classes_meanIoU.png, id=1282, 1558.1412pt x 1328.3226pt>
File: images/two_classes_meanIoU.png Graphic file (type png)
<use images/two_classes_meanIoU.png>
Package pdftex.def Info: images/two_classes_meanIoU.png  used on input line 484
.
(pdftex.def)             Requested size: 341.43306pt x 291.0563pt.
<images/two_classes_FwIoU.png, id=1283, 1558.1412pt x 1328.3226pt>
File: images/two_classes_FwIoU.png Graphic file (type png)
<use images/two_classes_FwIoU.png>
Package pdftex.def Info: images/two_classes_FwIoU.png  used on input line 491.
(pdftex.def)             Requested size: 341.43306pt x 291.0563pt.
[47 <./images/output_unet_two_classes.png>] [48 <./images/two_classes_acc.png>]
[49 <./images/two_classes_meanacc.png>] [50 <./images/two_classes_meanIoU.png>]
[51 <./images/two_classes_FwIoU.png>]
<images/unet_scannet_three_classes.png, id=1313, 1397.22pt x 559.08875pt>
File: images/unet_scannet_three_classes.png Graphic file (type png)
<use images/unet_scannet_three_classes.png>
Package pdftex.def Info: images/unet_scannet_three_classes.png  used on input l
ine 502.
(pdftex.def)             Requested size: 455.24408pt x 182.16235pt.

Underfull \hbox (badness 10000) in paragraph at lines 516--516
[]|\OT1/lmr/bx/n/10 [0.6810, 0.4661,
 []


Overfull \hbox (1.78958pt too wide) in paragraph at lines 509--520
 [] 
 []


LaTeX Warning: `h' float specifier changed to `ht'.

<images/three_classes_acc.png, id=1314, 1571.1498pt x 1328.3226pt>
File: images/three_classes_acc.png Graphic file (type png)
<use images/three_classes_acc.png>
Package pdftex.def Info: images/three_classes_acc.png  used on input line 534.
(pdftex.def)             Requested size: 341.43306pt x 288.66461pt.
<images/three_classes_meanacc.png, id=1315, 1571.1498pt x 1328.3226pt>
File: images/three_classes_meanacc.png Graphic file (type png)
<use images/three_classes_meanacc.png>
Package pdftex.def Info: images/three_classes_meanacc.png  used on input line 5
41.
(pdftex.def)             Requested size: 341.43306pt x 288.66461pt.
<images/three_classes_meanIoU.png, id=1316, 1571.1498pt x 1328.3226pt>
File: images/three_classes_meanIoU.png Graphic file (type png)
<use images/three_classes_meanIoU.png>
Package pdftex.def Info: images/three_classes_meanIoU.png  used on input line 5
48.
(pdftex.def)             Requested size: 341.43306pt x 288.66461pt.
<images/three_classes_FwIoU.png, id=1317, 1571.1498pt x 1328.3226pt>
File: images/three_classes_FwIoU.png Graphic file (type png)
<use images/three_classes_FwIoU.png>
Package pdftex.def Info: images/three_classes_FwIoU.png  used on input line 555
.
(pdftex.def)             Requested size: 341.43306pt x 288.66461pt.
[52 <./images/unet_scannet_three_classes.png>] [53 <./images/three_classes_acc.
png>] [54 <./images/three_classes_meanacc.png>] [55 <./images/three_classes_mea
nIoU.png>] [56 <./images/three_classes_FwIoU.png>]
<images/unet_vkitti_two.png, id=1348, 1775.63374pt x 782.925pt>
File: images/unet_vkitti_two.png Graphic file (type png)
<use images/unet_vkitti_two.png>
Package pdftex.def Info: images/unet_vkitti_two.png  used on input line 571.
(pdftex.def)             Requested size: 483.69684pt x 213.26817pt.

Overfull \hbox (28.45273pt too wide) in paragraph at lines 571--572
 [][] 
 []


LaTeX Warning: `h' float specifier changed to `ht'.


Underfull \hbox (badness 2503) in paragraph at lines 586--586
[]|\OT1/lmr/m/n/10 (+20) [0.5875, 0.7965, 0.5829,
 []


Underfull \hbox (badness 4686) in paragraph at lines 586--586
\OT1/lmr/m/n/10 (+20) 0.4324, 0.1781, 0.7548,
 []


Underfull \hbox (badness 4686) in paragraph at lines 586--586
\OT1/lmr/m/n/10 (+20) 0.6065, 0.5338, 0.2594,
 []


Underfull \hbox (badness 4686) in paragraph at lines 586--586
\OT1/lmr/m/n/10 (+20) 0.3727, 0.2758, 0.2034,
 []


Underfull \hbox (badness 2503) in paragraph at lines 587--588
[]|\OT1/lmr/m/n/10 (+20) [0.6025, 0.7333, 0.5950,
 []


Underfull \hbox (badness 4686) in paragraph at lines 587--588
\OT1/lmr/m/n/10 (+20) 0.4614, 0.1925, 0.8191,
 []


Underfull \hbox (badness 4686) in paragraph at lines 587--588
\OT1/lmr/m/n/10 (+20) 0.7302, 0.4889, 0.3784,
 []


Underfull \hbox (badness 4686) in paragraph at lines 587--588
\OT1/lmr/m/n/10 (+20) 0.4061, 0.2493, 0.3585,
 []


Underfull \hbox (badness 10000) in paragraph at lines 588--589
[]|\OT1/lmr/bx/n/10 [ 0.7773, 0.7840,
 []


Overfull \hbox (27.18973pt too wide) in paragraph at lines 578--593
 [] 
 []

<images/two_vkitti_acc.png, id=1349, 645.3711pt x 448.7967pt>
File: images/two_vkitti_acc.png Graphic file (type png)
<use images/two_vkitti_acc.png>
Package pdftex.def Info: images/two_vkitti_acc.png  used on input line 609.
(pdftex.def)             Requested size: 369.88582pt x 257.22748pt.
<images/two_vkitti_meanacc.png, id=1350, 634.5306pt x 443.0151pt>
File: images/two_vkitti_meanacc.png Graphic file (type png)
<use images/two_vkitti_meanacc.png>
Package pdftex.def Info: images/two_vkitti_meanacc.png  used on input line 617.

(pdftex.def)             Requested size: 369.88582pt x 258.25359pt.
<images/two_vkitti_mIoU.png, id=1351, 645.3711pt x 448.7967pt>
File: images/two_vkitti_mIoU.png Graphic file (type png)
<use images/two_vkitti_mIoU.png>
Package pdftex.def Info: images/two_vkitti_mIoU.png  used on input line 625.
(pdftex.def)             Requested size: 369.88582pt x 257.22748pt.
<images/two_vkitti_FwIoU.png, id=1352, 645.3711pt x 448.7967pt>
File: images/two_vkitti_FwIoU.png Graphic file (type png)
<use images/two_vkitti_FwIoU.png>
Package pdftex.def Info: images/two_vkitti_FwIoU.png  used on input line 633.
(pdftex.def)             Requested size: 369.88582pt x 257.22748pt.
<images/IoU_vanilla_two_class.png, id=1353, 596.9502pt x 453.8556pt>
File: images/IoU_vanilla_two_class.png Graphic file (type png)
<use images/IoU_vanilla_two_class.png>
Package pdftex.def Info: images/IoU_vanilla_two_class.png  used on input line 6
50.
(pdftex.def)             Requested size: 369.88582pt x 281.22136pt.
<images/IoU_gp_two_class.png, id=1354, 596.9502pt x 453.8556pt>
File: images/IoU_gp_two_class.png Graphic file (type png)
<use images/IoU_gp_two_class.png>
Package pdftex.def Info: images/IoU_gp_two_class.png  used on input line 657.
(pdftex.def)             Requested size: 369.88582pt x 281.22136pt.
<images/IoU_lstm_two_class.png, id=1355, 596.9502pt x 453.8556pt>
File: images/IoU_lstm_two_class.png Graphic file (type png)
<use images/IoU_lstm_two_class.png>
Package pdftex.def Info: images/IoU_lstm_two_class.png  used on input line 664.

(pdftex.def)             Requested size: 369.88582pt x 281.22136pt.
<images/continuous_sequence_data1.png, id=1356, 1084.05pt x 1141.866pt>
File: images/continuous_sequence_data1.png Graphic file (type png)
<use images/continuous_sequence_data1.png>
Package pdftex.def Info: images/continuous_sequence_data1.png  used on input li
ne 673.
(pdftex.def)             Requested size: 540.60236pt x 569.4506pt.

Overfull \hbox (85.35825pt too wide) in paragraph at lines 673--674
 [][] 
 []

<images/continuous_sequence_data2.png, id=1357, 1084.05pt x 1141.866pt>
File: images/continuous_sequence_data2.png Graphic file (type png)
<use images/continuous_sequence_data2.png>
Package pdftex.def Info: images/continuous_sequence_data2.png  used on input li
ne 680.
(pdftex.def)             Requested size: 540.60236pt x 569.4506pt.

Overfull \hbox (85.35825pt too wide) in paragraph at lines 680--681
 [][] 
 []


Underfull \vbox (badness 10000) has occurred while \output is active []

 [57]
[58 <./images/unet_vkitti_two.png>] [59 <./images/two_vkitti_acc.png> <./images
/two_vkitti_meanacc.png>] [60 <./images/two_vkitti_mIoU.png> <./images/two_vkit
ti_FwIoU.png>] [61 <./images/IoU_vanilla_two_class.png>] [62 <./images/IoU_gp_t
wo_class.png>] [63 <./images/IoU_lstm_two_class.png>] [64 <./images/continuous_
sequence_data1.png>] [65 <./images/continuous_sequence_data2.png>]
<images/batch_wise_performance_comparison.png, id=1408, 1885.0425pt x 572.1375p
t>
File: images/batch_wise_performance_comparison.png Graphic file (type png)
<use images/batch_wise_performance_comparison.png>
Package pdftex.def Info: images/batch_wise_performance_comparison.png  used on 
input line 691.
(pdftex.def)             Requested size: 455.24408pt x 138.17134pt.
<images/unet_vkitti_five.png, id=1411, 1594.95876pt x 684.5575pt>
File: images/unet_vkitti_five.png Graphic file (type png)
<use images/unet_vkitti_five.png>
Package pdftex.def Info: images/unet_vkitti_five.png  used on input line 703.
(pdftex.def)             Requested size: 483.69684pt x 207.60416pt.

Overfull \hbox (28.45273pt too wide) in paragraph at lines 703--704
 [][] 
 []


Underfull \hbox (badness 10000) in paragraph at lines 717--717
[]|\OT1/lmr/m/n/10 (+20) [0.9128, 0.9417, 0.92,
 []


Underfull \hbox (badness 10000) in paragraph at lines 717--717
\OT1/lmr/m/n/10 (+20) 0.6876, 0.7247, 0.958,
 []


Underfull \hbox (badness 4686) in paragraph at lines 717--717
\OT1/lmr/m/n/10 (+20) 0.8576, 0.6196, 0.4536,
 []


Underfull \hbox (badness 4686) in paragraph at lines 717--717
\OT1/lmr/m/n/10 (+20) 0.4217, 0.3476, 0.5452,
 []


Underfull \hbox (badness 2503) in paragraph at lines 718--719
[]|\OT1/lmr/m/n/10 (+20) [0.8961, 0.8985, 0.8949,
 []


Underfull \hbox (badness 4686) in paragraph at lines 718--719
\OT1/lmr/m/n/10 (+20) 0.7113, 0.7408, 0.9505,
 []


Underfull \hbox (badness 4686) in paragraph at lines 718--719
\OT1/lmr/m/n/10 (+20) 0.8602, 0.6862, 0.5612,
 []


Underfull \hbox (badness 4686) in paragraph at lines 718--719
\OT1/lmr/m/n/10 (+20) 0.4683, 0.3427, 0.4788,
 []


Underfull \hbox (badness 2393) in paragraph at lines 719--720
\OT1/lmr/bx/n/10 0.7427, 0.7816, 0.96,
 []


Overfull \hbox (27.18973pt too wide) in paragraph at lines 710--724
 [] 
 []

File: images/two_vkitti_acc.png Graphic file (type png)
<use images/two_vkitti_acc.png>
Package pdftex.def Info: images/two_vkitti_acc.png  used on input line 743.
(pdftex.def)             Requested size: 341.43306pt x 237.44337pt.

Package Fancyhdr Warning: \headheight is too small (12.0pt): 
Make it at least 22.48878pt.
We now make it that large for the rest of the document.
This may cause the page layout to be inconsistent, however.

[66 <./images/batch_wise_performance_comparison.png>] [67 <./images/unet_vkitti
_five.png>]
File: images/two_vkitti_meanacc.png Graphic file (type png)
<use images/two_vkitti_meanacc.png>
Package pdftex.def Info: images/two_vkitti_meanacc.png  used on input line 751.

(pdftex.def)             Requested size: 341.43306pt x 238.38637pt.


LaTeX Warning: `h' float specifier changed to `ht'.

File: images/two_vkitti_mIoU.png Graphic file (type png)
<use images/two_vkitti_mIoU.png>
Package pdftex.def Info: images/two_vkitti_mIoU.png  used on input line 759.
(pdftex.def)             Requested size: 341.43306pt x 237.44337pt.

LaTeX Warning: `h' float specifier changed to `ht'.

File: images/two_vkitti_FwIoU.png Graphic file (type png)
<use images/two_vkitti_FwIoU.png>
Package pdftex.def Info: images/two_vkitti_FwIoU.png  used on input line 767.
(pdftex.def)             Requested size: 341.43306pt x 237.44337pt.

LaTeX Warning: `h' float specifier changed to `ht'.

<images/IoU_five.png, id=1424, 1619.04875pt x 467.7475pt>
File: images/IoU_five.png Graphic file (type png)
<use images/IoU_five.png>
Package pdftex.def Info: images/IoU_five.png  used on input line 776.
(pdftex.def)             Requested size: 569.05511pt x 164.39925pt.

Overfull \hbox (59.12772pt too wide) in paragraph at lines 775--777
 []|  [] 
 []

[68]

LaTeX Warning: `h' float specifier changed to `ht'.

) (./chapters/ch06_android_deployment.tex [69] [70] [71 <./images/IoU_five.png>
] [72

]
Chapter 5.
<images/android_deployment.png, id=1451, 623.32875pt x 927.465pt>
File: images/android_deployment.png Graphic file (type png)
<use images/android_deployment.png>
Package pdftex.def Info: images/android_deployment.png  used on input line 15.
(pdftex.def)             Requested size: 369.88582pt x 550.36964pt.

Underfull \hbox (badness 10000) in paragraph at lines 26--26
[]|\OT1/lmr/m/n/10 (+20) Oxygen OS
 []


Underfull \vbox (badness 1057) has occurred while \output is active []

 [73]
[74 <./images/android_deployment.png>]
<images/android_ss.jpg, id=1464, 986.7264pt x 828.696pt>
File: images/android_ss.jpg Graphic file (type jpg)
<use images/android_ss.jpg>
Package pdftex.def Info: images/android_ss.jpg  used on input line 44.
(pdftex.def)             Requested size: 369.88582pt x 310.64642pt.
 [75 <./images/android_ss.jpg>]
Underfull \hbox (badness 10000) in paragraph at lines 57--57
[]|\OT1/lmr/m/n/10 (+20) Oxygen OS
 []

) (./chapters/ch07_conclusion.tex [76]
Chapter 6.
[77

] [78]) (./chapters/appendix.tex [79] [80

]
Appendix A.

LaTeX Warning: No positions in optional float specifier.
               Default added (so using `tbp') on input line 7.


LaTeX Warning: No positions in optional float specifier.
               Default added (so using `tbp') on input line 60.

[81] [82] [83] [84

]
Appendix B.

LaTeX Warning: Float too large for page by 20.46956pt on input line 144.


LaTeX Warning: `h' float specifier changed to `ht'.


Overfull \hbox (35.19995pt too wide) in paragraph at lines 182--203
 [] 
 []

<images/dataset.png, id=1514, 963.6pt x 468.75125pt>
File: images/dataset.png Graphic file (type png)
<use images/dataset.png>
Package pdftex.def Info: images/dataset.png  used on input line 210.
(pdftex.def)             Requested size: 369.88582pt x 179.92976pt.
[85] [86 <./images/dataset.png>] [87] [88] [89] [90]
Appendix C.
<images/scannet_step_vanilla_all.png, id=1541, 1191.0096pt x 451.6875pt>
File: images/scannet_step_vanilla_all.png Graphic file (type png)
<use images/scannet_step_vanilla_all.png>
Package pdftex.def Info: images/scannet_step_vanilla_all.png  used on input lin
e 219.
(pdftex.def)             Requested size: 369.88582pt x 140.27669pt.
<images/scannet_epoch_vanilla_all.png, id=1542, 1211.2452pt x 451.6875pt>
File: images/scannet_epoch_vanilla_all.png Graphic file (type png)
<use images/scannet_epoch_vanilla_all.png>
Package pdftex.def Info: images/scannet_epoch_vanilla_all.png  used on input li
ne 226.
(pdftex.def)             Requested size: 369.88582pt x 137.93333pt.
<images/scannet_gp_step.png, id=1543, 1175.8329pt x 451.6875pt>
File: images/scannet_gp_step.png Graphic file (type png)
<use images/scannet_gp_step.png>
Package pdftex.def Info: images/scannet_gp_step.png  used on input line 233.
(pdftex.def)             Requested size: 369.88582pt x 142.08932pt.
<images/scannet_gp_epoch_all.png, id=1544, 1206.1863pt x 451.6875pt>
File: images/scannet_gp_epoch_all.png Graphic file (type png)
<use images/scannet_gp_epoch_all.png>
Package pdftex.def Info: images/scannet_gp_epoch_all.png  used on input line 24
0.
(pdftex.def)             Requested size: 369.88582pt x 138.51228pt.
<images/scannet_step_lstm.png, id=1545, 1191.0096pt x 455.301pt>
File: images/scannet_step_lstm.png Graphic file (type png)
<use images/scannet_step_lstm.png>
Package pdftex.def Info: images/scannet_step_lstm.png  used on input line 247.
(pdftex.def)             Requested size: 369.88582pt x 141.3989pt.
<images/scannet_lstm_epoch_all.png, id=1546, 1196.0685pt x 451.6875pt>
File: images/scannet_lstm_epoch_all.png Graphic file (type png)
<use images/scannet_lstm_epoch_all.png>
Package pdftex.def Info: images/scannet_lstm_epoch_all.png  used on input line 
254.
(pdftex.def)             Requested size: 369.88582pt x 139.68394pt.
<images/vanilla_step_loss_vkitti.png, id=1547, 1962.33125pt x 531.9875pt>
File: images/vanilla_step_loss_vkitti.png Graphic file (type png)
<use images/vanilla_step_loss_vkitti.png>
Package pdftex.def Info: images/vanilla_step_loss_vkitti.png  used on input lin
e 261.
(pdftex.def)             Requested size: 369.88582pt x 100.27504pt.
<images/gp_step_loss_vkitti.png, id=1548, 1960.32375pt x 525.965pt>
File: images/gp_step_loss_vkitti.png Graphic file (type png)
<use images/gp_step_loss_vkitti.png>
Package pdftex.def Info: images/gp_step_loss_vkitti.png  used on input line 268
.
(pdftex.def)             Requested size: 369.88582pt x 99.23616pt.
<images/lstm_step_loss_vkitti.png, id=1549, 1958.31625pt x 525.965pt>
File: images/lstm_step_loss_vkitti.png Graphic file (type png)
<use images/lstm_step_loss_vkitti.png>
Package pdftex.def Info: images/lstm_step_loss_vkitti.png  used on input line 2
75.
(pdftex.def)             Requested size: 369.88582pt x 99.34048pt.
<images/lr_finder_41.png, id=1550, 462.528pt x 346.896pt>
File: images/lr_finder_41.png Graphic file (type png)
<use images/lr_finder_41.png>
Package pdftex.def Info: images/lr_finder_41.png  used on input line 282.
(pdftex.def)             Requested size: 369.88582pt x 277.42719pt.
) [91

 <./images/scannet_step_vanilla_all.png>] [92 <./images/scannet_epoch_vanilla_a
ll.png> <./images/scannet_gp_step.png> <./images/scannet_gp_epoch_all.png>] [93
 <./images/scannet_step_lstm.png> <./images/scannet_lstm_epoch_all.png> <./imag
es/vanilla_step_loss_vkitti.png>] [94 <./images/gp_step_loss_vkitti.png> <./ima
ges/lstm_step_loss_vkitti.png> <./images/lr_finder_41.png>] (./report.bbl
LaTeX Font Info:    Trying to load font information for OT1+lmtt on input line 
17.

(/usr/share/texmf/tex/latex/lm/ot1lmtt.fd
File: ot1lmtt.fd 2009/10/30 v1.6 Font defs for Latin Modern
)
Package microtype Info: Loading generic protrusion settings for font family
(microtype)             `lmtt' (encoding: OT1).
(microtype)             For optimal results, create family-specific settings.
(microtype)             See the microtype manual for details.

Underfull \hbox (badness 3657) in paragraph at lines 15--19
[]\OT1/lmr/m/n/10 (+20) Your com-plete guide to im-age seg-men-ta-tion.  []$\OT
1/lmtt/m/n/10 https : / / www . telusinternational . com /
 []


Underfull \hbox (badness 10000) in paragraph at lines 15--19
\OT1/lmtt/m/n/10 articles / guide-[]to-[]image-[]segmentation# : [] : text = Di
fferent % 20types % 20of % 20image %
 []

[95


] [96] [97] [98] [99] [100] [101])
Package atveryend Info: Empty hook `BeforeClearDocument' on input line 111.
 [102]
Package atveryend Info: Empty hook `AfterLastShipout' on input line 111.
 (./report.aux)
Package atveryend Info: Executing hook `AtVeryEndDocument' on input line 111.
Package atveryend Info: Executing hook `AtEndAfterFileList' on input line 111.
Package rerunfilecheck Info: File `report.out' has not changed.
(rerunfilecheck)             Checksum: 92741D0EC6621449DD456AE8D8E97348;5435.


LaTeX Warning: There were undefined references.


LaTeX Warning: There were multiply-defined labels.

Package atveryend Info: Empty hook `AtVeryVeryEnd' on input line 111.
 ) 
Here is how much of TeX's memory you used:
 14524 strings out of 483183
 236262 string characters out of 5966293
 690801 words of memory out of 5000000
 28602 multiletter control sequences out of 15000+600000
 598735 words of font info for 125 fonts, out of 8000000 for 9000
 14 hyphenation exceptions out of 8191
 56i,12n,59p,3931b,657s stack positions out of 5000i,500n,10000p,200000b,80000s
{/usr/share/texmf/fonts/enc/dvips/lm/lm-rmtt.enc}{/usr/share/texmf/fonts/enc/
dvips/lm/lm-rm.enc}{/usr/share/texmf/fonts/enc/dvips/lm/lm-mathsy.enc}{/usr/sha
re/texmf/fonts/enc/dvips/lm/lm-mathex.enc}{/usr/share/texmf/fonts/enc/dvips/lm/
lm-mathit.enc}{/usr/share/texmf/fonts/enc/dvips/lm/lm-ts1.enc}</usr/share/texmf
/fonts/type1/public/lm/lmbx10.pfb></usr/share/texmf/fonts/type1/public/lm/lmbx1
2.pfb></usr/share/texmf/fonts/type1/public/lm/lmex10.pfb></usr/share/texmf/font
s/type1/public/lm/lmmi10.pfb></usr/share/texmf/fonts/type1/public/lm/lmmi7.pfb>
</usr/share/texmf/fonts/type1/public/lm/lmr10.pfb></usr/share/texmf/fonts/type1
/public/lm/lmr12.pfb></usr/share/texmf/fonts/type1/public/lm/lmr17.pfb></usr/sh
are/texmf/fonts/type1/public/lm/lmr7.pfb></usr/share/texmf/fonts/type1/public/l
m/lmr9.pfb></usr/share/texmf/fonts/type1/public/lm/lmri10.pfb></usr/share/texmf
/fonts/type1/public/lm/lmri12.pfb></usr/share/texmf/fonts/type1/public/lm/lmsy1
0.pfb></usr/share/texmf/fonts/type1/public/lm/lmsy7.pfb></usr/share/texmf/fonts
/type1/public/lm/lmtt10.pfb>
Output written on report.pdf (122 pages, 15856360 bytes).
PDF statistics:
 1779 PDF objects out of 2073 (max. 8388607)
 1442 compressed objects within 15 object streams
 406 named destinations out of 1000 (max. 500000)
 18926 words of extra memory for PDF output out of 20736 (max. 10000000)

